<?xml version="1.0" encoding="UTF-8"?>
<!-- Generated by org.testng.reporters.JUnitReportReporter -->
<testsuite skipped="0" hostname="Jyoti-computer" name="testng5.firefox" tests="1" failures="0" timestamp="2020-07-04T19:45:39 CDT" time="14.583" errors="0">
  <testcase name="element" time="14.583" classname="testng5.firefox"/>
  <system-out/>
</testsuite> <!-- testng5.firefox -->
